<?xml version="1.0" encoding="UTF-8"?>
<!-- Generated by org.testng.reporters.JUnitXMLReporter -->
<testsuite ignored="0" hostname="LAPTOP-Q7ODI2IC" failures="0" tests="4" name="User API tests" time="6.449" errors="0" timestamp="2020-12-13T16:51:37 ART">
  <testcase classname="com.qaprosoft.carina.demo.APISampleTest" name="testDeleteUsers" time="4.558"/>
  <testcase classname="com.qaprosoft.carina.demo.APISampleTest" name="testCreateUserMissingSomeFields" time="4.564"/>
  <testcase classname="com.qaprosoft.carina.demo.APISampleTest" name="testCreateUser" time="5.467"/>
  <testcase classname="com.qaprosoft.carina.demo.APISampleTest" name="testGetUsers" time="1.719"/>
</testsuite> <!-- User API tests -->
