<?xml version="1.0" encoding="UTF-8"?>
<testsuite xmlns:xsi="http://www.w3.org/2001/XMLSchema-instance" xsi:noNamespaceSchemaLocation="https://maven.apache.org/surefire/maven-surefire-plugin/xsd/surefire-test-report-3.0.xsd" version="3.0" name="TestSuite" time="10.229" tests="4" errors="0" skipped="0" failures="0">
  <properties>
[...]
</properties>
  <testcase name="testDeleteUsers" classname="com.qaprosoft.carina.demo.APISampleTest" time="4.867"/>
  <testcase name="testCreateUserMissingSomeFields" classname="com.qaprosoft.carina.demo.APISampleTest" time="4.873"/>
  <testcase name="testCreateUser" classname="com.qaprosoft.carina.demo.APISampleTest" time="1.058"/>
  <testcase name="testGetUsers" classname="com.qaprosoft.carina.demo.APISampleTest" time="1.463"/>
</testsuite>