<?xml version="1.0" encoding="UTF-8" standalone="no"?>
<testsuite failures="1" name="cucumber.runtime.formatter.JUnitFormatter" skipped="0" tests="1" time="0.726021">
    <testcase classname="GSM Arena News testing" name="GSM Arena open page - passing" time="0.726021">
        <failure message="org.openqa.selenium.WebDriverException: Requested environment is not available (WARNING: The server did not provide any stacktrace information)&#10;Command duration or timeout: 109 milliseconds&#10;Build info: version: '3.141.59', revision: 'e82be7d358', time: '2018-11-14T08:17:03'&#10;System info: host: 'LAPTOP-Q7ODI2IC', ip: '192.168.0.210', os.name: 'Windows 10', os.arch: 'amd64', os.version: '10.0', java.version: '11.0.8'&#10;Driver info: driver.version: RemoteWebDriver&#13;&#10;&#9;at java.base/jdk.internal.reflect.NativeConstructorAccessorImpl.newInstance0(Native Method)&#13;&#10;&#9;at java.base/jdk.internal.reflect.NativeConstructorAccessorImpl.newInstance(NativeConstructorAccessorImpl.java:62)&#13;&#10;&#9;at java.base/jdk.internal.reflect.DelegatingConstructorAccessorImpl.newInstance(DelegatingConstructorAccessorImpl.java:45)&#13;&#10;&#9;at java.base/java.lang.reflect.Constructor.newInstance(Constructor.java:490)&#13;&#10;&#9;at org.openqa.selenium.remote.ErrorHandler.createThrowable(ErrorHandler.java:214)&#13;&#10;&#9;at org.openqa.selenium.remote.ErrorHandler.throwIfResponseFailed(ErrorHandler.java:166)&#13;&#10;&#9;at org.openqa.selenium.remote.JsonWireProtocolResponse.lambda$errorHandler$0(JsonWireProtocolResponse.java:54)&#13;&#10;&#9;at org.openqa.selenium.remote.HandshakeResponse.lambda$getResponseFunction$0(HandshakeResponse.java:30)&#13;&#10;&#9;at org.openqa.selenium.remote.ProtocolHandshake.lambda$createSession$0(ProtocolHandshake.java:126)&#13;&#10;&#9;at java.base/java.util.stream.ReferencePipeline$3$1.accept(ReferencePipeline.java:195)&#13;&#10;&#9;at java.base/java.util.Spliterators$ArraySpliterator.tryAdvance(Spliterators.java:958)&#13;&#10;&#9;at java.base/java.util.stream.ReferencePipeline.forEachWithCancel(ReferencePipeline.java:127)&#13;&#10;&#9;at java.base/java.util.stream.AbstractPipeline.copyIntoWithCancel(AbstractPipeline.java:502)&#13;&#10;&#9;at java.base/java.util.stream.AbstractPipeline.copyInto(AbstractPipeline.java:488)&#13;&#10;&#9;at java.base/java.util.stream.AbstractPipeline.wrapAndCopyInto(AbstractPipeline.java:474)&#13;&#10;&#9;at java.base/java.util.stream.FindOps$FindOp.evaluateSequential(FindOps.java:150)&#13;&#10;&#9;at java.base/java.util.stream.AbstractPipeline.evaluate(AbstractPipeline.java:234)&#13;&#10;&#9;at java.base/java.util.stream.ReferencePipeline.findFirst(ReferencePipeline.java:543)&#13;&#10;&#9;at org.openqa.selenium.remote.ProtocolHandshake.createSession(ProtocolHandshake.java:128)&#13;&#10;&#9;at org.openqa.selenium.remote.ProtocolHandshake.createSession(ProtocolHandshake.java:74)&#13;&#10;&#9;at org.openqa.selenium.remote.HttpCommandExecutor.execute(HttpCommandExecutor.java:136)&#13;&#10;&#9;at com.qaprosoft.carina.core.foundation.webdriver.listener.EventFiringSeleniumCommandExecutor.execute(EventFiringSeleniumCommandExecutor.java:54)&#13;&#10;&#9;at org.openqa.selenium.remote.RemoteWebDriver.execute(RemoteWebDriver.java:552)&#13;&#10;&#9;at org.openqa.selenium.remote.RemoteWebDriver.startSession(RemoteWebDriver.java:213)&#13;&#10;&#9;at org.openqa.selenium.remote.RemoteWebDriver.&lt;init&gt;(RemoteWebDriver.java:131)&#13;&#10;&#9;at com.qaprosoft.carina.core.foundation.webdriver.core.factory.impl.DesktopFactory.create(DesktopFactory.java:126)&#13;&#10;&#9;at com.qaprosoft.carina.core.foundation.webdriver.core.factory.DriverFactory.create(DriverFactory.java:71)&#13;&#10;&#9;at com.qaprosoft.carina.core.foundation.webdriver.IDriverPool.createDriver(IDriverPool.java:511)&#13;&#10;&#9;at com.qaprosoft.carina.core.foundation.webdriver.IDriverPool.getDriver(IDriverPool.java:161)&#13;&#10;&#9;at com.qaprosoft.carina.core.foundation.webdriver.IDriverPool.getDriver(IDriverPool.java:96)&#13;&#10;&#9;at com.qaprosoft.carina.core.foundation.webdriver.IDriverPool.getDriver(IDriverPool.java:84)&#13;&#10;&#9;at com.qaprosoft.carina.demo.cucumber.steps.GSMArenaNewsSteps.iAmOnMainPage(GSMArenaNewsSteps.java:27)&#13;&#10;&#9;at ✽.Given I am on main page(src/test/resources/features/GSMArenaNews.feature:6)&#13;&#10;">
            <![CDATA[Given I am on main page.....................................................failed
When I open 'News' page.....................................................skipped
Then page 'News' should be open.............................................skipped
And page 'News' should contains all items...................................skipped

StackTrace:
org.openqa.selenium.WebDriverException: Requested environment is not available (WARNING: The server did not provide any stacktrace information)
Command duration or timeout: 109 milliseconds
Build info: version: '3.141.59', revision: 'e82be7d358', time: '2018-11-14T08:17:03'
System info: host: 'LAPTOP-Q7ODI2IC', ip: '192.168.0.210', os.name: 'Windows 10', os.arch: 'amd64', os.version: '10.0', java.version: '11.0.8'
Driver info: driver.version: RemoteWebDriver
	at java.base/jdk.internal.reflect.NativeConstructorAccessorImpl.newInstance0(Native Method)
	at java.base/jdk.internal.reflect.NativeConstructorAccessorImpl.newInstance(NativeConstructorAccessorImpl.java:62)
	at java.base/jdk.internal.reflect.DelegatingConstructorAccessorImpl.newInstance(DelegatingConstructorAccessorImpl.java:45)
	at java.base/java.lang.reflect.Constructor.newInstance(Constructor.java:490)
	at org.openqa.selenium.remote.ErrorHandler.createThrowable(ErrorHandler.java:214)
	at org.openqa.selenium.remote.ErrorHandler.throwIfResponseFailed(ErrorHandler.java:166)
	at org.openqa.selenium.remote.JsonWireProtocolResponse.lambda$errorHandler$0(JsonWireProtocolResponse.java:54)
	at org.openqa.selenium.remote.HandshakeResponse.lambda$getResponseFunction$0(HandshakeResponse.java:30)
	at org.openqa.selenium.remote.ProtocolHandshake.lambda$createSession$0(ProtocolHandshake.java:126)
	at java.base/java.util.stream.ReferencePipeline$3$1.accept(ReferencePipeline.java:195)
	at java.base/java.util.Spliterators$ArraySpliterator.tryAdvance(Spliterators.java:958)
	at java.base/java.util.stream.ReferencePipeline.forEachWithCancel(ReferencePipeline.java:127)
	at java.base/java.util.stream.AbstractPipeline.copyIntoWithCancel(AbstractPipeline.java:502)
	at java.base/java.util.stream.AbstractPipeline.copyInto(AbstractPipeline.java:488)
	at java.base/java.util.stream.AbstractPipeline.wrapAndCopyInto(AbstractPipeline.java:474)
	at java.base/java.util.stream.FindOps$FindOp.evaluateSequential(FindOps.java:150)
	at java.base/java.util.stream.AbstractPipeline.evaluate(AbstractPipeline.java:234)
	at java.base/java.util.stream.ReferencePipeline.findFirst(ReferencePipeline.java:543)
	at org.openqa.selenium.remote.ProtocolHandshake.createSession(ProtocolHandshake.java:128)
	at org.openqa.selenium.remote.ProtocolHandshake.createSession(ProtocolHandshake.java:74)
	at org.openqa.selenium.remote.HttpCommandExecutor.execute(HttpCommandExecutor.java:136)
	at com.qaprosoft.carina.core.foundation.webdriver.listener.EventFiringSeleniumCommandExecutor.execute(EventFiringSeleniumCommandExecutor.java:54)
	at org.openqa.selenium.remote.RemoteWebDriver.execute(RemoteWebDriver.java:552)
	at org.openqa.selenium.remote.RemoteWebDriver.startSession(RemoteWebDriver.java:213)
	at org.openqa.selenium.remote.RemoteWebDriver.<init>(RemoteWebDriver.java:131)
	at com.qaprosoft.carina.core.foundation.webdriver.core.factory.impl.DesktopFactory.create(DesktopFactory.java:126)
	at com.qaprosoft.carina.core.foundation.webdriver.core.factory.DriverFactory.create(DriverFactory.java:71)
	at com.qaprosoft.carina.core.foundation.webdriver.IDriverPool.createDriver(IDriverPool.java:511)
	at com.qaprosoft.carina.core.foundation.webdriver.IDriverPool.getDriver(IDriverPool.java:161)
	at com.qaprosoft.carina.core.foundation.webdriver.IDriverPool.getDriver(IDriverPool.java:96)
	at com.qaprosoft.carina.core.foundation.webdriver.IDriverPool.getDriver(IDriverPool.java:84)
	at com.qaprosoft.carina.demo.cucumber.steps.GSMArenaNewsSteps.iAmOnMainPage(GSMArenaNewsSteps.java:27)
	at ✽.Given I am on main page(src/test/resources/features/GSMArenaNews.feature:6)
]]>
        </failure>
    </testcase>
</testsuite>
