<?xml version="1.0" encoding="UTF-8"?>
<testng-results ignored="0" total="1" passed="1" failed="0" skipped="0">
  <reporter-output>
  </reporter-output>
  <suite started-at="2020-12-19T12:24:37 ART" name="Default suite" finished-at="2020-12-19T12:24:57 ART" duration-ms="20051">
    <groups>
    </groups>
    <test started-at="2020-12-19T12:24:37 ART" name="Default test" finished-at="2020-12-19T12:24:57 ART" duration-ms="20051">
      <class name="com.webTesting.SearchTest">
        <test-method is-config="true" signature="setHomePage()[pri:0, instance:com.webTesting.SearchTest@7db162f2]" started-at="2020-12-19T12:24:37 ART" name="setHomePage" finished-at="2020-12-19T12:24:47 ART" duration-ms="9662" status="PASS">
          <reporter-output>
          </reporter-output>
        </test-method> <!-- setHomePage -->
        <test-method signature="testPostComment()[pri:0, instance:com.webTesting.SearchTest@7db162f2]" started-at="2020-12-19T12:24:47 ART" name="testPostComment" description="Go to news section and check the title" finished-at="2020-12-19T12:24:57 ART" duration-ms="10205" status="PASS">
          <reporter-output>
          </reporter-output>
        </test-method> <!-- testPostComment -->
      </class> <!-- com.webTesting.SearchTest -->
    </test> <!-- Default test -->
  </suite> <!-- Default suite -->
</testng-results>
